Pre-initial values:
Time 0 enable x binary x BCD x x x x x 
Initial values:
Time 10 enable 0 binary x BCD 15 15 15 15 15 
Time 30 enable 1 binary 24193 BCD 2 4 1 9 3 
Time 50 enable 1 binary 22115 BCD 2 2 1 1 5 
Time 70 enable 1 binary 39309 BCD 3 9 3 0 9 
Time 90 enable 1 binary 21010 BCD 2 1 0 1 0 
Time 110 enable 0 binary 52493 BCD 15 15 15 15 15 
Time 130 enable 1 binary 52541 BCD 5 2 5 4 1 
Time 150 enable 1 binary 63372 BCD 6 3 3 7 2 
Time 170 enable 1 binary 9414 BCD 0 9 4 1 4 
Time 190 enable 1 binary 53930 BCD 5 3 9 3 0 
Time 210 enable 0 binary 29303 BCD 15 15 15 15 15 
Time 230 enable 0 binary 56207 BCD 15 15 15 15 15 
Time 250 enable 0 binary 38606 BCD 15 15 15 15 15 
Time 270 enable 0 binary 20165 BCD 15 15 15 15 15 
Time 290 enable 1 binary 10429 BCD 1 0 4 2 9 
Time 310 enable 1 binary 9829 BCD 0 9 8 2 9 
Time 330 enable 0 binary 34570 BCD 15 15 15 15 15 
Time 350 enable 0 binary 8480 BCD 15 15 15 15 15 
Time 370 enable 0 binary 52381 BCD 15 15 15 15 15 
Time 390 enable 1 binary 47123 BCD 4 7 1 2 3 
Time 410 enable 1 binary 54867 BCD 5 4 8 6 7 
Time 430 enable 0 binary 10965 BCD 15 15 15 15 15 
Time 450 enable 1 binary 16046 BCD 1 6 0 4 6 
Time 470 enable 1 binary 29391 BCD 2 9 3 9 1 
Time 490 enable 0 binary 25866 BCD 15 15 15 15 15 
Time 510 enable 0 binary 19516 BCD 15 15 15 15 15 
Time 530 enable 1 binary 24970 BCD 2 4 9 7 0 
Time 550 enable 0 binary 13528 BCD 15 15 15 15 15 
Time 570 enable 1 binary 4745 BCD 0 4 7 4 5 
Time 590 enable 0 binary 26038 BCD 15 15 15 15 15 
Time 610 enable 0 binary 5038 BCD 15 15 15 15 15 
Time 630 enable 1 binary 56618 BCD 5 6 6 1 8 
Time 650 enable 1 binary 48753 BCD 4 8 7 5 3 
Time 670 enable 1 binary 21839 BCD 2 1 8 3 9 
Time 690 enable 0 binary 13114 BCD 15 15 15 15 15 
Time 710 enable 1 binary 19221 BCD 1 9 2 2 1 
Time 730 enable 0 binary 19417 BCD 15 15 15 15 15 
Time 750 enable 1 binary 64332 BCD 6 4 3 3 2 
Time 770 enable 0 binary 41359 BCD 15 15 15 15 15 
Time 790 enable 1 binary 24759 BCD 2 4 7 5 9 
Time 810 enable 1 binary 37980 BCD 3 7 9 8 0 
Time 830 enable 1 binary 14217 BCD 1 4 2 1 7 
Time 850 enable 1 binary 16080 BCD 1 6 0 8 0 
Time 870 enable 0 binary 64593 BCD 15 15 15 15 15 
Time 890 enable 0 binary 32524 BCD 15 15 15 15 15 
Time 910 enable 1 binary 60872 BCD 6 0 8 7 2 
Time 930 enable 0 binary 60733 BCD 15 15 15 15 15 
Time 950 enable 1 binary 126 BCD 0 0 1 2 6 
Time 970 enable 1 binary 59193 BCD 5 9 1 9 3 
Time 990 enable 1 binary 63187 BCD 6 3 1 8 7 
Time 1010 enable 1 binary 34936 BCD 3 4 9 3 6 
Time 1030 enable 1 binary 19273 BCD 1 9 2 7 3 
Time 1050 enable 0 binary 44842 BCD 15 15 15 15 15 
Time 1070 enable 0 binary 14470 BCD 15 15 15 15 15 
Time 1090 enable 0 binary 62108 BCD 15 15 15 15 15 
Time 1110 enable 1 binary 48166 BCD 4 8 1 6 6 
Time 1130 enable 1 binary 46243 BCD 4 6 2 4 3 
Time 1150 enable 1 binary 37555 BCD 3 7 5 5 5 
Time 1170 enable 1 binary 3396 BCD 0 3 3 9 6 
Time 1190 enable 0 binary 14027 BCD 15 15 15 15 15 
Time 1210 enable 1 binary 56154 BCD 5 6 1 5 4 
Time 1230 enable 0 binary 58093 BCD 15 15 15 15 15 
Time 1250 enable 1 binary 46693 BCD 4 6 6 9 3 
Time 1270 enable 1 binary 38111 BCD 3 8 1 1 1 
Time 1290 enable 0 binary 65348 BCD 15 15 15 15 15 
Time 1310 enable 1 binary 2858 BCD 0 2 8 5 8 
Time 1330 enable 0 binary 53006 BCD 15 15 15 15 15 
Time 1350 enable 1 binary 48282 BCD 4 8 2 8 2 
Time 1370 enable 0 binary 707 BCD 15 15 15 15 15 
Time 1390 enable 1 binary 59726 BCD 5 9 7 2 6 
Time 1410 enable 0 binary 13322 BCD 15 15 15 15 15 
Time 1430 enable 1 binary 35384 BCD 3 5 3 8 4 
Time 1450 enable 0 binary 50360 BCD 15 15 15 15 15 
Time 1470 enable 0 binary 23955 BCD 15 15 15 15 15 
Time 1490 enable 1 binary 51801 BCD 5 1 8 0 1 
Time 1510 enable 1 binary 56909 BCD 5 6 9 0 9 
Time 1530 enable 0 binary 9837 BCD 15 15 15 15 15 
Time 1550 enable 0 binary 18890 BCD 15 15 15 15 15 
Time 1570 enable 0 binary 29077 BCD 15 15 15 15 15 
Time 1590 enable 1 binary 39684 BCD 3 9 6 8 4 
Time 1610 enable 0 binary 1897 BCD 15 15 15 15 15 
Time 1630 enable 0 binary 36232 BCD 15 15 15 15 15 
Time 1650 enable 1 binary 1069 BCD 0 1 0 6 9 
Time 1670 enable 0 binary 39982 BCD 15 15 15 15 15 
Time 1690 enable 1 binary 17692 BCD 1 7 6 9 2 
Time 1710 enable 0 binary 1833 BCD 15 15 15 15 15 
Time 1730 enable 0 binary 26502 BCD 15 15 15 15 15 
Time 1750 enable 0 binary 50749 BCD 15 15 15 15 15 
Time 1770 enable 1 binary 50288 BCD 5 0 2 8 8 
Time 1790 enable 0 binary 39354 BCD 15 15 15 15 15 
Time 1810 enable 1 binary 31226 BCD 3 1 2 2 6 
Time 1830 enable 1 binary 63002 BCD 6 3 0 0 2 
Time 1850 enable 0 binary 24887 BCD 15 15 15 15 15 
Time 1870 enable 0 binary 8640 BCD 15 15 15 15 15 
Time 1890 enable 1 binary 6838 BCD 0 6 8 3 8 
Time 1910 enable 0 binary 4060 BCD 15 15 15 15 15 
Time 1930 enable 0 binary 65400 BCD 15 15 15 15 15 
Time 1950 enable 1 binary 32987 BCD 3 2 9 8 7 
Time 1970 enable 0 binary 11129 BCD 15 15 15 15 15 
Time 1990 enable 1 binary 61025 BCD 6 1 0 2 5 
Time 2010 enable 0 binary 30881 BCD 15 15 15 15 15 
