Time 0 ns pre-initial output 0
Time 1 ns initial output 0



pressed
CLOCK CYCLE 0
Time 2 ns (posedge) current output 1
Time 3 ns (hi-level) current output 1
Time 4 ns (negedge) current output 1
Time 5 ns (lo-level) current output 1



4 times random bouncing
pressed
pressed
pressed
pressed
CLOCK CYCLE 1
Time 6 ns (posedge) current output 1
Time 7 ns (hi-level) current output 1
Time 8 ns (negedge) current output 1
Time 9 ns (lo-level) current output 1



3 times random bouncing
pressed
pressed
NOT-pressed
CLOCK CYCLE 2
Time 10 ns (posedge) current output 1
Time 11 ns (hi-level) current output 1
Time 12 ns (negedge) current output 1
Time 13 ns (lo-level) current output 1



2 times random bouncing
pressed
CLOCK CYCLE 3
Time 14 ns (posedge) current output 1
NOT-pressed
Time 15 ns (hi-level) current output 1
Time 16 ns (negedge) current output 1
Time 17 ns (lo-level) current output 1



CLOCK CYCLE 3
Time 18 ns (posedge) current output 1
NOT-pressed
Time 19 ns (hi-level) current output 1
Time 20 ns (negedge) current output 1
Time 21 ns (lo-level) current output 1



CLOCK CYCLE 4
Time 22 ns (posedge) current output 1
NOT-pressed
Time 23 ns (hi-level) current output 1
Time 24 ns (negedge) current output 1
Time 25 ns (lo-level) current output 1



CLOCK CYCLE 5
Time 26 ns (posedge) current output 1
2 times random bouncing
pressed
NOT-pressed
Time 27 ns (hi-level) current output 1
Time 28 ns (negedge) current output 1
Time 29 ns (lo-level) current output 1



CLOCK CYCLE 6
Time 30 ns (posedge) current output 1
4 times random bouncing
NOT-pressed
NOT-pressed
Time 31 ns (hi-level) current output 1
NOT-pressed
pressed
Time 32 ns (negedge) current output 0
Time 33 ns (lo-level) current output 0



CLOCK CYCLE 7
Time 34 ns (posedge) current output 0
Time 35 ns (hi-level) current output 0
pressed
Time 36 ns (negedge) current output 0
Time 37 ns (lo-level) current output 0



CLOCK CYCLE 8
Time 38 ns (posedge) current output 0
Time 39 ns (hi-level) current output 0
pressed
Time 40 ns (negedge) current output 0
Time 41 ns (lo-level) current output 0



CLOCK CYCLE 9
Time 42 ns (posedge) current output 0
Time 43 ns (hi-level) current output 0
2 times random bouncing
NOT-pressed
NOT-pressed
Time 44 ns (negedge) current output 0
Time 45 ns (lo-level) current output 0



CLOCK CYCLE 10
Time 46 ns (posedge) current output 0
Time 47 ns (hi-level) current output 0
NOT-pressed
Time 48 ns (negedge) current output 0
Time 49 ns (lo-level) current output 0



CLOCK CYCLE 11
Time 50 ns (posedge) current output 0
Time 51 ns (hi-level) current output 0
NOT-pressed
Time 52 ns (negedge) current output 0
Time 53 ns (lo-level) current output 0



CLOCK CYCLE 12
Time 54 ns (posedge) current output 0
Time 55 ns (hi-level) current output 0
2 times random bouncing
pressed
Time 56 ns (negedge) current output 0
pressed
Time 57 ns (lo-level) current output 1



CLOCK CYCLE 13
Time 58 ns (posedge) current output 1
Time 59 ns (hi-level) current output 1
Time 60 ns (negedge) current output 1
pressed
Time 61 ns (lo-level) current output 1



CLOCK CYCLE 14
Time 62 ns (posedge) current output 1
Time 63 ns (hi-level) current output 1
Time 64 ns (negedge) current output 1
3 times random bouncing
NOT-pressed
pressed
pressed
Time 65 ns (lo-level) current output 0



CLOCK CYCLE 15
Time 66 ns (posedge) current output 0
Time 67 ns (hi-level) current output 0
Time 68 ns (negedge) current output 0
NOT-pressed
Time 69 ns (lo-level) current output 0



CLOCK CYCLE 16
Time 70 ns (posedge) current output 0
Time 71 ns (hi-level) current output 0
Time 72 ns (negedge) current output 0
3 times random bouncing
NOT-pressed
Time 73 ns (lo-level) current output 0



NOT-pressed
NOT-pressed
CLOCK CYCLE 17
Time 74 ns (posedge) current output 0
Time 75 ns (hi-level) current output 0
Time 76 ns (negedge) current output 0
Time 77 ns (lo-level) current output 0



NOT-pressed
CLOCK CYCLE 18
Time 78 ns (posedge) current output 0
Time 79 ns (hi-level) current output 0
Time 80 ns (negedge) current output 0
Time 81 ns (lo-level) current output 0



pressed
CLOCK CYCLE 19
Time 82 ns (posedge) current output 1
Time 83 ns (hi-level) current output 1
Time 84 ns (negedge) current output 1
Time 85 ns (lo-level) current output 1



NOT-pressed
CLOCK CYCLE 20
Time 86 ns (posedge) current output 1
Time 87 ns (hi-level) current output 1
Time 88 ns (negedge) current output 1
Time 89 ns (lo-level) current output 1



3 times random bouncing
NOT-pressed
NOT-pressed
NOT-pressed
CLOCK CYCLE 21
Time 90 ns (posedge) current output 1
Time 91 ns (hi-level) current output 1
Time 92 ns (negedge) current output 1
Time 93 ns (lo-level) current output 1



2 times random bouncing
pressed
CLOCK CYCLE 22
Time 94 ns (posedge) current output 1
pressed
Time 95 ns (hi-level) current output 0
Time 96 ns (negedge) current output 0
Time 97 ns (lo-level) current output 0



CLOCK CYCLE 22
Time 98 ns (posedge) current output 0
4 times random bouncing
pressed
NOT-pressed
NOT-pressed
pressed
Time 99 ns (hi-level) current output 1
Time 100 ns (negedge) current output 1
Time 101 ns (lo-level) current output 1



CLOCK CYCLE 23
Time 102 ns (posedge) current output 1
pressed
Time 103 ns (hi-level) current output 1
Time 104 ns (negedge) current output 1
Time 105 ns (lo-level) current output 1



CLOCK CYCLE 24
Time 106 ns (posedge) current output 1
NOT-pressed
Time 107 ns (hi-level) current output 1
Time 108 ns (negedge) current output 1
Time 109 ns (lo-level) current output 1



CLOCK CYCLE 25
Time 110 ns (posedge) current output 1
4 times random bouncing
pressed
Time 111 ns (hi-level) current output 1
NOT-pressed
pressed
pressed
Time 112 ns (negedge) current output 0
Time 113 ns (lo-level) current output 0



CLOCK CYCLE 26
Time 114 ns (posedge) current output 0
Time 115 ns (hi-level) current output 0
pressed
Time 116 ns (negedge) current output 0
Time 117 ns (lo-level) current output 0



CLOCK CYCLE 27
Time 118 ns (posedge) current output 0
Time 119 ns (hi-level) current output 0
pressed
Time 120 ns (negedge) current output 0
Time 121 ns (lo-level) current output 0



CLOCK CYCLE 28
Time 122 ns (posedge) current output 0
Time 123 ns (hi-level) current output 0
pressed
Time 124 ns (negedge) current output 0
Time 125 ns (lo-level) current output 0



CLOCK CYCLE 29
Time 126 ns (posedge) current output 0
Time 127 ns (hi-level) current output 0
4 times random bouncing
NOT-pressed
NOT-pressed
Time 128 ns (negedge) current output 0
NOT-pressed
NOT-pressed
Time 129 ns (lo-level) current output 0



CLOCK CYCLE 30
Time 130 ns (posedge) current output 0
Time 131 ns (hi-level) current output 0
Time 132 ns (negedge) current output 0
pressed
Time 133 ns (lo-level) current output 1



CLOCK CYCLE 31
Time 134 ns (posedge) current output 1
Time 135 ns (hi-level) current output 1
Time 136 ns (negedge) current output 1
NOT-pressed
Time 137 ns (lo-level) current output 1



CLOCK CYCLE 32
Time 138 ns (posedge) current output 1
Time 139 ns (hi-level) current output 1
Time 140 ns (negedge) current output 1
2 times random bouncing
pressed
pressed
Time 141 ns (lo-level) current output 0



CLOCK CYCLE 33
Time 142 ns (posedge) current output 0
Time 143 ns (hi-level) current output 0
Time 144 ns (negedge) current output 0
2 times random bouncing
pressed
Time 145 ns (lo-level) current output 0



NOT-pressed
CLOCK CYCLE 34
Time 146 ns (posedge) current output 0
Time 147 ns (hi-level) current output 0
Time 148 ns (negedge) current output 0
Time 149 ns (lo-level) current output 0



pressed
CLOCK CYCLE 35
Time 150 ns (posedge) current output 1
Time 151 ns (hi-level) current output 1
Time 152 ns (negedge) current output 1
Time 153 ns (lo-level) current output 1



NOT-pressed
CLOCK CYCLE 36
Time 154 ns (posedge) current output 1
Time 155 ns (hi-level) current output 1
Time 156 ns (negedge) current output 1
Time 157 ns (lo-level) current output 1



NOT-pressed
CLOCK CYCLE 37
Time 158 ns (posedge) current output 1
Time 159 ns (hi-level) current output 1
Time 160 ns (negedge) current output 1
Time 161 ns (lo-level) current output 1



NOT-pressed
CLOCK CYCLE 38
Time 162 ns (posedge) current output 1
Time 163 ns (hi-level) current output 1
Time 164 ns (negedge) current output 1
Time 165 ns (lo-level) current output 1



NOT-pressed
CLOCK CYCLE 39
Time 166 ns (posedge) current output 1
Time 167 ns (hi-level) current output 1
Time 168 ns (negedge) current output 1
Time 169 ns (lo-level) current output 1



pressed
CLOCK CYCLE 40
Time 170 ns (posedge) current output 0
Time 171 ns (hi-level) current output 0
Time 172 ns (negedge) current output 0
Time 173 ns (lo-level) current output 0



pressed
CLOCK CYCLE 41
Time 174 ns (posedge) current output 0
Time 175 ns (hi-level) current output 0
Time 176 ns (negedge) current output 0
Time 177 ns (lo-level) current output 0



NOT-pressed
CLOCK CYCLE 42
Time 178 ns (posedge) current output 0
Time 179 ns (hi-level) current output 0
Time 180 ns (negedge) current output 0
Time 181 ns (lo-level) current output 0



CLOCK CYCLE 42
Time 182 ns (posedge) current output 0
4 times random bouncing
pressed
NOT-pressed
NOT-pressed
pressed
Time 183 ns (hi-level) current output 1
Time 184 ns (negedge) current output 1
Time 185 ns (lo-level) current output 1



CLOCK CYCLE 43
Time 186 ns (posedge) current output 1
NOT-pressed
Time 187 ns (hi-level) current output 1
Time 188 ns (negedge) current output 1
Time 189 ns (lo-level) current output 1



CLOCK CYCLE 44
Time 190 ns (posedge) current output 1
pressed
Time 191 ns (hi-level) current output 0
Time 192 ns (negedge) current output 0
Time 193 ns (lo-level) current output 0



CLOCK CYCLE 45
Time 194 ns (posedge) current output 0
pressed
Time 195 ns (hi-level) current output 0
Time 196 ns (negedge) current output 0
Time 197 ns (lo-level) current output 0



CLOCK CYCLE 46
Time 198 ns (posedge) current output 0
NOT-pressed
Time 199 ns (hi-level) current output 0
Time 200 ns (negedge) current output 0
Time 201 ns (lo-level) current output 0



CLOCK CYCLE 47
Time 202 ns (posedge) current output 0
Time 203 ns (hi-level) current output 0
pressed
Time 204 ns (negedge) current output 1
Time 205 ns (lo-level) current output 1



CLOCK CYCLE 48
Time 206 ns (posedge) current output 1
Time 207 ns (hi-level) current output 1
3 times random bouncing
NOT-pressed
NOT-pressed
pressed
Time 208 ns (negedge) current output 0
Time 209 ns (lo-level) current output 0



CLOCK CYCLE 49
Time 210 ns (posedge) current output 0
Time 211 ns (hi-level) current output 0
2 times random bouncing
NOT-pressed
NOT-pressed
Time 212 ns (negedge) current output 0
Time 213 ns (lo-level) current output 0



CLOCK CYCLE 50
Time 214 ns (posedge) current output 0
Time 215 ns (hi-level) current output 0
NOT-pressed
Time 216 ns (negedge) current output 0
Time 217 ns (lo-level) current output 0



CLOCK CYCLE 51
Time 218 ns (posedge) current output 0
Time 219 ns (hi-level) current output 0
3 times random bouncing
NOT-pressed
Time 220 ns (negedge) current output 0
pressed
NOT-pressed
Time 221 ns (lo-level) current output 0



CLOCK CYCLE 52
Time 222 ns (posedge) current output 0
Time 223 ns (hi-level) current output 0
Time 224 ns (negedge) current output 0
pressed
Time 225 ns (lo-level) current output 1



CLOCK CYCLE 53
Time 226 ns (posedge) current output 1
Time 227 ns (hi-level) current output 1
Time 228 ns (negedge) current output 1
pressed
Time 229 ns (lo-level) current output 1



CLOCK CYCLE 54
Time 230 ns (posedge) current output 1
Time 231 ns (hi-level) current output 1
Time 232 ns (negedge) current output 1
pressed
Time 233 ns (lo-level) current output 1



CLOCK CYCLE 55
Time 234 ns (posedge) current output 1
Time 235 ns (hi-level) current output 1
Time 236 ns (negedge) current output 1
pressed
Time 237 ns (lo-level) current output 1



CLOCK CYCLE 56
Time 238 ns (posedge) current output 1
Time 239 ns (hi-level) current output 1
Time 240 ns (negedge) current output 1
NOT-pressed
Time 241 ns (lo-level) current output 1



CLOCK CYCLE 57
Time 242 ns (posedge) current output 1
Time 243 ns (hi-level) current output 1
Time 244 ns (negedge) current output 1
3 times random bouncing
pressed
Time 245 ns (lo-level) current output 1



NOT-pressed
NOT-pressed
CLOCK CYCLE 58
Time 246 ns (posedge) current output 1
Time 247 ns (hi-level) current output 1
Time 248 ns (negedge) current output 1
Time 249 ns (lo-level) current output 1



4 times random bouncing
pressed
NOT-pressed
NOT-pressed
NOT-pressed
CLOCK CYCLE 59
Time 250 ns (posedge) current output 1
Time 251 ns (hi-level) current output 1
Time 252 ns (negedge) current output 1
Time 253 ns (lo-level) current output 1



pressed
CLOCK CYCLE 60
Time 254 ns (posedge) current output 0
Time 255 ns (hi-level) current output 0
Time 256 ns (negedge) current output 0
Time 257 ns (lo-level) current output 0



NOT-pressed
CLOCK CYCLE 61
Time 258 ns (posedge) current output 0
Time 259 ns (hi-level) current output 0
Time 260 ns (negedge) current output 0
Time 261 ns (lo-level) current output 0



CLOCK CYCLE 61
Time 262 ns (posedge) current output 0
pressed
Time 263 ns (hi-level) current output 1
Time 264 ns (negedge) current output 1
Time 265 ns (lo-level) current output 1



CLOCK CYCLE 62
Time 266 ns (posedge) current output 1
NOT-pressed
Time 267 ns (hi-level) current output 1
Time 268 ns (negedge) current output 1
Time 269 ns (lo-level) current output 1



CLOCK CYCLE 63
Time 270 ns (posedge) current output 1
3 times random bouncing
NOT-pressed
pressed
NOT-pressed
Time 271 ns (hi-level) current output 1
Time 272 ns (negedge) current output 1
Time 273 ns (lo-level) current output 1



CLOCK CYCLE 64
Time 274 ns (posedge) current output 1
pressed
Time 275 ns (hi-level) current output 0
Time 276 ns (negedge) current output 0
Time 277 ns (lo-level) current output 0



CLOCK CYCLE 65
Time 278 ns (posedge) current output 0
NOT-pressed
Time 279 ns (hi-level) current output 0
Time 280 ns (negedge) current output 0
Time 281 ns (lo-level) current output 0



CLOCK CYCLE 66
Time 282 ns (posedge) current output 0
pressed
Time 283 ns (hi-level) current output 0
Time 284 ns (negedge) current output 1
Time 285 ns (lo-level) current output 1



CLOCK CYCLE 67
Time 286 ns (posedge) current output 1
Time 287 ns (hi-level) current output 1
3 times random bouncing
pressed
pressed
NOT-pressed
Time 288 ns (negedge) current output 1
Time 289 ns (lo-level) current output 1



CLOCK CYCLE 68
Time 290 ns (posedge) current output 1
Time 291 ns (hi-level) current output 1
NOT-pressed
Time 292 ns (negedge) current output 1
Time 293 ns (lo-level) current output 1



CLOCK CYCLE 69
Time 294 ns (posedge) current output 1
Time 295 ns (hi-level) current output 1
pressed
Time 296 ns (negedge) current output 0
Time 297 ns (lo-level) current output 0



CLOCK CYCLE 70
Time 298 ns (posedge) current output 0
Time 299 ns (hi-level) current output 0
NOT-pressed
Time 300 ns (negedge) current output 0
Time 301 ns (lo-level) current output 0



CLOCK CYCLE 71
Time 302 ns (posedge) current output 0
Time 303 ns (hi-level) current output 0
NOT-pressed
Time 304 ns (negedge) current output 0
Time 305 ns (lo-level) current output 0



CLOCK CYCLE 72
Time 306 ns (posedge) current output 0
Time 307 ns (hi-level) current output 0
2 times random bouncing
pressed
Time 308 ns (negedge) current output 0
pressed
Time 309 ns (lo-level) current output 1



CLOCK CYCLE 73
Time 310 ns (posedge) current output 1
Time 311 ns (hi-level) current output 1
Time 312 ns (negedge) current output 1
3 times random bouncing
pressed
pressed
pressed
Time 313 ns (lo-level) current output 1



CLOCK CYCLE 74
Time 314 ns (posedge) current output 1
Time 315 ns (hi-level) current output 1
Time 316 ns (negedge) current output 1
3 times random bouncing
NOT-pressed
pressed
pressed
Time 317 ns (lo-level) current output 0



CLOCK CYCLE 75
Time 318 ns (posedge) current output 0
Time 319 ns (hi-level) current output 0
Time 320 ns (negedge) current output 0
4 times random bouncing
pressed
Time 321 ns (lo-level) current output 0



pressed
NOT-pressed
pressed
CLOCK CYCLE 76
Time 322 ns (posedge) current output 1
Time 323 ns (hi-level) current output 1
Time 324 ns (negedge) current output 1
Time 325 ns (lo-level) current output 1



2 times random bouncing
NOT-pressed
NOT-pressed
CLOCK CYCLE 77
Time 326 ns (posedge) current output 1
Time 327 ns (hi-level) current output 1
Time 328 ns (negedge) current output 1
Time 329 ns (lo-level) current output 1



3 times random bouncing
NOT-pressed
pressed
pressed
CLOCK CYCLE 78
Time 330 ns (posedge) current output 0
Time 331 ns (hi-level) current output 0
Time 332 ns (negedge) current output 0
Time 333 ns (lo-level) current output 0



CLOCK CYCLE 78
Time 334 ns (posedge) current output 0
3 times random bouncing
NOT-pressed
pressed
NOT-pressed
Time 335 ns (hi-level) current output 0
Time 336 ns (negedge) current output 0
Time 337 ns (lo-level) current output 0



CLOCK CYCLE 79
Time 338 ns (posedge) current output 0
pressed
Time 339 ns (hi-level) current output 1
Time 340 ns (negedge) current output 1
Time 341 ns (lo-level) current output 1



CLOCK CYCLE 80
Time 342 ns (posedge) current output 1
3 times random bouncing
NOT-pressed
pressed
NOT-pressed
Time 343 ns (hi-level) current output 1
Time 344 ns (negedge) current output 1
Time 345 ns (lo-level) current output 1



CLOCK CYCLE 81
Time 346 ns (posedge) current output 1
pressed
Time 347 ns (hi-level) current output 1
Time 348 ns (negedge) current output 0
Time 349 ns (lo-level) current output 0



CLOCK CYCLE 82
Time 350 ns (posedge) current output 0
Time 351 ns (hi-level) current output 0
pressed
Time 352 ns (negedge) current output 0
Time 353 ns (lo-level) current output 0



CLOCK CYCLE 83
Time 354 ns (posedge) current output 0
Time 355 ns (hi-level) current output 0
3 times random bouncing
NOT-pressed
NOT-pressed
pressed
Time 356 ns (negedge) current output 1
Time 357 ns (lo-level) current output 1



CLOCK CYCLE 84
Time 358 ns (posedge) current output 1
Time 359 ns (hi-level) current output 1
NOT-pressed
Time 360 ns (negedge) current output 1
Time 361 ns (lo-level) current output 1



CLOCK CYCLE 85
Time 362 ns (posedge) current output 1
Time 363 ns (hi-level) current output 1
4 times random bouncing
NOT-pressed
NOT-pressed
NOT-pressed
Time 364 ns (negedge) current output 1
NOT-pressed
Time 365 ns (lo-level) current output 1



CLOCK CYCLE 86
Time 366 ns (posedge) current output 1
Time 367 ns (hi-level) current output 1
Time 368 ns (negedge) current output 1
NOT-pressed
Time 369 ns (lo-level) current output 1



CLOCK CYCLE 87
Time 370 ns (posedge) current output 1
Time 371 ns (hi-level) current output 1
Time 372 ns (negedge) current output 1
NOT-pressed
Time 373 ns (lo-level) current output 1



CLOCK CYCLE 88
Time 374 ns (posedge) current output 1
Time 375 ns (hi-level) current output 1
Time 376 ns (negedge) current output 1
pressed
Time 377 ns (lo-level) current output 0



CLOCK CYCLE 89
Time 378 ns (posedge) current output 0
Time 379 ns (hi-level) current output 0
Time 380 ns (negedge) current output 0
3 times random bouncing
pressed
pressed
pressed
Time 381 ns (lo-level) current output 0



CLOCK CYCLE 90
Time 382 ns (posedge) current output 0
Time 383 ns (hi-level) current output 0
Time 384 ns (negedge) current output 0
NOT-pressed
Time 385 ns (lo-level) current output 0



CLOCK CYCLE 91
Time 386 ns (posedge) current output 0
Time 387 ns (hi-level) current output 0
Time 388 ns (negedge) current output 0
Time 389 ns (lo-level) current output 0



pressed
CLOCK CYCLE 92
Time 390 ns (posedge) current output 1
Time 391 ns (hi-level) current output 1
Time 392 ns (negedge) current output 1
Time 393 ns (lo-level) current output 1



NOT-pressed
CLOCK CYCLE 93
Time 394 ns (posedge) current output 1
Time 395 ns (hi-level) current output 1
Time 396 ns (negedge) current output 1
Time 397 ns (lo-level) current output 1



pressed
CLOCK CYCLE 94
Time 398 ns (posedge) current output 0
Time 399 ns (hi-level) current output 0
Time 400 ns (negedge) current output 0
Time 401 ns (lo-level) current output 0



NOT-pressed
CLOCK CYCLE 95
Time 402 ns (posedge) current output 0
Time 403 ns (hi-level) current output 0
Time 404 ns (negedge) current output 0
Time 405 ns (lo-level) current output 0



pressed
CLOCK CYCLE 96
Time 406 ns (posedge) current output 1
Time 407 ns (hi-level) current output 1
Time 408 ns (negedge) current output 1
Time 409 ns (lo-level) current output 1



3 times random bouncing
NOT-pressed
pressed
NOT-pressed
CLOCK CYCLE 97
Time 410 ns (posedge) current output 0
Time 411 ns (hi-level) current output 1
Time 412 ns (negedge) current output 1
Time 413 ns (lo-level) current output 1



CLOCK CYCLE 97
Time 414 ns (posedge) current output 1
pressed
Time 415 ns (hi-level) current output 0
Time 416 ns (negedge) current output 0
Time 417 ns (lo-level) current output 0



CLOCK CYCLE 98
Time 418 ns (posedge) current output 0
pressed
Time 419 ns (hi-level) current output 0
Time 420 ns (negedge) current output 0
Time 421 ns (lo-level) current output 0



CLOCK CYCLE 99
Time 422 ns (posedge) current output 0
